TypeError: Missing parameter name at 1: https://git.new/pathToRegexpError
    at name (/Users/mahavirgoyal/Desktop/adi_projects/qr_code_scanner_frontend/packet-scanner/node_modules/path-to-regexp/dist/index.js:73:19)
    at lexer (/Users/mahavirgoyal/Desktop/adi_projects/qr_code_scanner_frontend/packet-scanner/node_modules/path-to-regexp/dist/index.js:91:27)
    at lexer.next (<anonymous>)
    at Iter.peek (/Users/mahavirgoyal/Desktop/adi_projects/qr_code_scanner_frontend/packet-scanner/node_modules/path-to-regexp/dist/index.js:106:38)
    at Iter.tryConsume (/Users/mahavirgoyal/Desktop/adi_projects/qr_code_scanner_frontend/packet-scanner/node_modules/path-to-regexp/dist/index.js:112:28)
    at Iter.text (/Users/mahavirgoyal/Desktop/adi_projects/qr_code_scanner_frontend/packet-scanner/node_modules/path-to-regexp/dist/index.js:128:30)
    at consume (/Users/mahavirgoyal/Desktop/adi_projects/qr_code_scanner_frontend/packet-scanner/node_modules/path-to-regexp/dist/index.js:152:29)
    at parse (/Users/mahavirgoyal/Desktop/adi_projects/qr_code_scanner_frontend/packet-scanner/node_modules/path-to-regexp/dist/index.js:183:20)
    at /Users/mahavirgoyal/Desktop/adi_projects/qr_code_scanner_frontend/packet-scanner/node_modules/path-to-regexp/dist/index.js:294:74
    at Array.map (<anonymous>)
TypeError: Missing parameter name at 1: https://git.new/pathToRegexpError
    at name (/Users/mahavirgoyal/Desktop/adi_projects/qr_code_scanner_frontend/packet-scanner/node_modules/path-to-regexp/dist/index.js:73:19)
    at lexer (/Users/mahavirgoyal/Desktop/adi_projects/qr_code_scanner_frontend/packet-scanner/node_modules/path-to-regexp/dist/index.js:91:27)
    at lexer.next (<anonymous>)
    at Iter.peek (/Users/mahavirgoyal/Desktop/adi_projects/qr_code_scanner_frontend/packet-scanner/node_modules/path-to-regexp/dist/index.js:106:38)
    at Iter.tryConsume (/Users/mahavirgoyal/Desktop/adi_projects/qr_code_scanner_frontend/packet-scanner/node_modules/path-to-regexp/dist/index.js:112:28)
    at Iter.text (/Users/mahavirgoyal/Desktop/adi_projects/qr_code_scanner_frontend/packet-scanner/node_modules/path-to-regexp/dist/index.js:128:30)
    at consume (/Users/mahavirgoyal/Desktop/adi_projects/qr_code_scanner_frontend/packet-scanner/node_modules/path-to-regexp/dist/index.js:152:29)
    at parse (/Users/mahavirgoyal/Desktop/adi_projects/qr_code_scanner_frontend/packet-scanner/node_modules/path-to-regexp/dist/index.js:183:20)
    at /Users/mahavirgoyal/Desktop/adi_projects/qr_code_scanner_frontend/packet-scanner/node_modules/path-to-regexp/dist/index.js:294:74
    at Array.map (<anonymous>)
TypeError: Missing parameter name at 1: https://git.new/pathToRegexpError
    at name (/Users/mahavirgoyal/Desktop/adi_projects/qr_code_scanner_frontend/packet-scanner/node_modules/path-to-regexp/dist/index.js:73:19)
    at lexer (/Users/mahavirgoyal/Desktop/adi_projects/qr_code_scanner_frontend/packet-scanner/node_modules/path-to-regexp/dist/index.js:91:27)
    at lexer.next (<anonymous>)
    at Iter.peek (/Users/mahavirgoyal/Desktop/adi_projects/qr_code_scanner_frontend/packet-scanner/node_modules/path-to-regexp/dist/index.js:106:38)
    at Iter.tryConsume (/Users/mahavirgoyal/Desktop/adi_projects/qr_code_scanner_frontend/packet-scanner/node_modules/path-to-regexp/dist/index.js:112:28)
    at Iter.text (/Users/mahavirgoyal/Desktop/adi_projects/qr_code_scanner_frontend/packet-scanner/node_modules/path-to-regexp/dist/index.js:128:30)
    at consume (/Users/mahavirgoyal/Desktop/adi_projects/qr_code_scanner_frontend/packet-scanner/node_modules/path-to-regexp/dist/index.js:152:29)
    at parse (/Users/mahavirgoyal/Desktop/adi_projects/qr_code_scanner_frontend/packet-scanner/node_modules/path-to-regexp/dist/index.js:183:20)
    at /Users/mahavirgoyal/Desktop/adi_projects/qr_code_scanner_frontend/packet-scanner/node_modules/path-to-regexp/dist/index.js:294:74
    at Array.map (<anonymous>)
TypeError: Missing parameter name at 1: https://git.new/pathToRegexpError
    at name (/Users/mahavirgoyal/Desktop/adi_projects/qr_code_scanner_frontend/packet-scanner/node_modules/path-to-regexp/dist/index.js:73:19)
    at lexer (/Users/mahavirgoyal/Desktop/adi_projects/qr_code_scanner_frontend/packet-scanner/node_modules/path-to-regexp/dist/index.js:91:27)
    at lexer.next (<anonymous>)
    at Iter.peek (/Users/mahavirgoyal/Desktop/adi_projects/qr_code_scanner_frontend/packet-scanner/node_modules/path-to-regexp/dist/index.js:106:38)
    at Iter.tryConsume (/Users/mahavirgoyal/Desktop/adi_projects/qr_code_scanner_frontend/packet-scanner/node_modules/path-to-regexp/dist/index.js:112:28)
    at Iter.text (/Users/mahavirgoyal/Desktop/adi_projects/qr_code_scanner_frontend/packet-scanner/node_modules/path-to-regexp/dist/index.js:128:30)
    at consume (/Users/mahavirgoyal/Desktop/adi_projects/qr_code_scanner_frontend/packet-scanner/node_modules/path-to-regexp/dist/index.js:152:29)
    at parse (/Users/mahavirgoyal/Desktop/adi_projects/qr_code_scanner_frontend/packet-scanner/node_modules/path-to-regexp/dist/index.js:183:20)
    at /Users/mahavirgoyal/Desktop/adi_projects/qr_code_scanner_frontend/packet-scanner/node_modules/path-to-regexp/dist/index.js:294:74
    at Array.map (<anonymous>)
TypeError: Missing parameter name at 1: https://git.new/pathToRegexpError
    at name (/Users/mahavirgoyal/Desktop/adi_projects/qr_code_scanner_frontend/packet-scanner/node_modules/path-to-regexp/dist/index.js:73:19)
    at lexer (/Users/mahavirgoyal/Desktop/adi_projects/qr_code_scanner_frontend/packet-scanner/node_modules/path-to-regexp/dist/index.js:91:27)
    at lexer.next (<anonymous>)
    at Iter.peek (/Users/mahavirgoyal/Desktop/adi_projects/qr_code_scanner_frontend/packet-scanner/node_modules/path-to-regexp/dist/index.js:106:38)
    at Iter.tryConsume (/Users/mahavirgoyal/Desktop/adi_projects/qr_code_scanner_frontend/packet-scanner/node_modules/path-to-regexp/dist/index.js:112:28)
    at Iter.text (/Users/mahavirgoyal/Desktop/adi_projects/qr_code_scanner_frontend/packet-scanner/node_modules/path-to-regexp/dist/index.js:128:30)
    at consume (/Users/mahavirgoyal/Desktop/adi_projects/qr_code_scanner_frontend/packet-scanner/node_modules/path-to-regexp/dist/index.js:152:29)
    at parse (/Users/mahavirgoyal/Desktop/adi_projects/qr_code_scanner_frontend/packet-scanner/node_modules/path-to-regexp/dist/index.js:183:20)
    at /Users/mahavirgoyal/Desktop/adi_projects/qr_code_scanner_frontend/packet-scanner/node_modules/path-to-regexp/dist/index.js:294:74
    at Array.map (<anonymous>)
TypeError: Missing parameter name at 1: https://git.new/pathToRegexpError
    at name (/Users/mahavirgoyal/Desktop/adi_projects/qr_code_scanner_frontend/packet-scanner/node_modules/path-to-regexp/dist/index.js:73:19)
    at lexer (/Users/mahavirgoyal/Desktop/adi_projects/qr_code_scanner_frontend/packet-scanner/node_modules/path-to-regexp/dist/index.js:91:27)
    at lexer.next (<anonymous>)
    at Iter.peek (/Users/mahavirgoyal/Desktop/adi_projects/qr_code_scanner_frontend/packet-scanner/node_modules/path-to-regexp/dist/index.js:106:38)
    at Iter.tryConsume (/Users/mahavirgoyal/Desktop/adi_projects/qr_code_scanner_frontend/packet-scanner/node_modules/path-to-regexp/dist/index.js:112:28)
    at Iter.text (/Users/mahavirgoyal/Desktop/adi_projects/qr_code_scanner_frontend/packet-scanner/node_modules/path-to-regexp/dist/index.js:128:30)
    at consume (/Users/mahavirgoyal/Desktop/adi_projects/qr_code_scanner_frontend/packet-scanner/node_modules/path-to-regexp/dist/index.js:152:29)
    at parse (/Users/mahavirgoyal/Desktop/adi_projects/qr_code_scanner_frontend/packet-scanner/node_modules/path-to-regexp/dist/index.js:183:20)
    at /Users/mahavirgoyal/Desktop/adi_projects/qr_code_scanner_frontend/packet-scanner/node_modules/path-to-regexp/dist/index.js:294:74
    at Array.map (<anonymous>)
TypeError: Missing parameter name at 1: https://git.new/pathToRegexpError
    at name (/Users/mahavirgoyal/Desktop/adi_projects/qr_code_scanner_frontend/packet-scanner/node_modules/path-to-regexp/dist/index.js:73:19)
    at lexer (/Users/mahavirgoyal/Desktop/adi_projects/qr_code_scanner_frontend/packet-scanner/node_modules/path-to-regexp/dist/index.js:91:27)
    at lexer.next (<anonymous>)
    at Iter.peek (/Users/mahavirgoyal/Desktop/adi_projects/qr_code_scanner_frontend/packet-scanner/node_modules/path-to-regexp/dist/index.js:106:38)
    at Iter.tryConsume (/Users/mahavirgoyal/Desktop/adi_projects/qr_code_scanner_frontend/packet-scanner/node_modules/path-to-regexp/dist/index.js:112:28)
    at Iter.text (/Users/mahavirgoyal/Desktop/adi_projects/qr_code_scanner_frontend/packet-scanner/node_modules/path-to-regexp/dist/index.js:128:30)
    at consume (/Users/mahavirgoyal/Desktop/adi_projects/qr_code_scanner_frontend/packet-scanner/node_modules/path-to-regexp/dist/index.js:152:29)
    at parse (/Users/mahavirgoyal/Desktop/adi_projects/qr_code_scanner_frontend/packet-scanner/node_modules/path-to-regexp/dist/index.js:183:20)
    at /Users/mahavirgoyal/Desktop/adi_projects/qr_code_scanner_frontend/packet-scanner/node_modules/path-to-regexp/dist/index.js:294:74
    at Array.map (<anonymous>)
TypeError: Missing parameter name at 1: https://git.new/pathToRegexpError
    at name (/Users/mahavirgoyal/Desktop/adi_projects/qr_code_scanner_frontend/packet-scanner/node_modules/path-to-regexp/dist/index.js:73:19)
    at lexer (/Users/mahavirgoyal/Desktop/adi_projects/qr_code_scanner_frontend/packet-scanner/node_modules/path-to-regexp/dist/index.js:91:27)
    at lexer.next (<anonymous>)
    at Iter.peek (/Users/mahavirgoyal/Desktop/adi_projects/qr_code_scanner_frontend/packet-scanner/node_modules/path-to-regexp/dist/index.js:106:38)
    at Iter.tryConsume (/Users/mahavirgoyal/Desktop/adi_projects/qr_code_scanner_frontend/packet-scanner/node_modules/path-to-regexp/dist/index.js:112:28)
    at Iter.text (/Users/mahavirgoyal/Desktop/adi_projects/qr_code_scanner_frontend/packet-scanner/node_modules/path-to-regexp/dist/index.js:128:30)
    at consume (/Users/mahavirgoyal/Desktop/adi_projects/qr_code_scanner_frontend/packet-scanner/node_modules/path-to-regexp/dist/index.js:152:29)
    at parse (/Users/mahavirgoyal/Desktop/adi_projects/qr_code_scanner_frontend/packet-scanner/node_modules/path-to-regexp/dist/index.js:183:20)
    at /Users/mahavirgoyal/Desktop/adi_projects/qr_code_scanner_frontend/packet-scanner/node_modules/path-to-regexp/dist/index.js:294:74
    at Array.map (<anonymous>)
TypeError: Missing parameter name at 1: https://git.new/pathToRegexpError
    at name (/Users/mahavirgoyal/Desktop/adi_projects/qr_code_scanner_frontend/packet-scanner/node_modules/path-to-regexp/dist/index.js:73:19)
    at lexer (/Users/mahavirgoyal/Desktop/adi_projects/qr_code_scanner_frontend/packet-scanner/node_modules/path-to-regexp/dist/index.js:91:27)
    at lexer.next (<anonymous>)
    at Iter.peek (/Users/mahavirgoyal/Desktop/adi_projects/qr_code_scanner_frontend/packet-scanner/node_modules/path-to-regexp/dist/index.js:106:38)
    at Iter.tryConsume (/Users/mahavirgoyal/Desktop/adi_projects/qr_code_scanner_frontend/packet-scanner/node_modules/path-to-regexp/dist/index.js:112:28)
    at Iter.text (/Users/mahavirgoyal/Desktop/adi_projects/qr_code_scanner_frontend/packet-scanner/node_modules/path-to-regexp/dist/index.js:128:30)
    at consume (/Users/mahavirgoyal/Desktop/adi_projects/qr_code_scanner_frontend/packet-scanner/node_modules/path-to-regexp/dist/index.js:152:29)
    at parse (/Users/mahavirgoyal/Desktop/adi_projects/qr_code_scanner_frontend/packet-scanner/node_modules/path-to-regexp/dist/index.js:183:20)
    at /Users/mahavirgoyal/Desktop/adi_projects/qr_code_scanner_frontend/packet-scanner/node_modules/path-to-regexp/dist/index.js:294:74
    at Array.map (<anonymous>)
TypeError: Missing parameter name at 1: https://git.new/pathToRegexpError
    at name (/Users/mahavirgoyal/Desktop/adi_projects/qr_code_scanner_frontend/packet-scanner/node_modules/path-to-regexp/dist/index.js:73:19)
    at lexer (/Users/mahavirgoyal/Desktop/adi_projects/qr_code_scanner_frontend/packet-scanner/node_modules/path-to-regexp/dist/index.js:91:27)
    at lexer.next (<anonymous>)
    at Iter.peek (/Users/mahavirgoyal/Desktop/adi_projects/qr_code_scanner_frontend/packet-scanner/node_modules/path-to-regexp/dist/index.js:106:38)
    at Iter.tryConsume (/Users/mahavirgoyal/Desktop/adi_projects/qr_code_scanner_frontend/packet-scanner/node_modules/path-to-regexp/dist/index.js:112:28)
    at Iter.text (/Users/mahavirgoyal/Desktop/adi_projects/qr_code_scanner_frontend/packet-scanner/node_modules/path-to-regexp/dist/index.js:128:30)
    at consume (/Users/mahavirgoyal/Desktop/adi_projects/qr_code_scanner_frontend/packet-scanner/node_modules/path-to-regexp/dist/index.js:152:29)
    at parse (/Users/mahavirgoyal/Desktop/adi_projects/qr_code_scanner_frontend/packet-scanner/node_modules/path-to-regexp/dist/index.js:183:20)
    at /Users/mahavirgoyal/Desktop/adi_projects/qr_code_scanner_frontend/packet-scanner/node_modules/path-to-regexp/dist/index.js:294:74
    at Array.map (<anonymous>)
TypeError: Missing parameter name at 1: https://git.new/pathToRegexpError
    at name (/Users/mahavirgoyal/Desktop/adi_projects/qr_code_scanner_frontend/packet-scanner/node_modules/path-to-regexp/dist/index.js:73:19)
    at lexer (/Users/mahavirgoyal/Desktop/adi_projects/qr_code_scanner_frontend/packet-scanner/node_modules/path-to-regexp/dist/index.js:91:27)
    at lexer.next (<anonymous>)
    at Iter.peek (/Users/mahavirgoyal/Desktop/adi_projects/qr_code_scanner_frontend/packet-scanner/node_modules/path-to-regexp/dist/index.js:106:38)
    at Iter.tryConsume (/Users/mahavirgoyal/Desktop/adi_projects/qr_code_scanner_frontend/packet-scanner/node_modules/path-to-regexp/dist/index.js:112:28)
    at Iter.text (/Users/mahavirgoyal/Desktop/adi_projects/qr_code_scanner_frontend/packet-scanner/node_modules/path-to-regexp/dist/index.js:128:30)
    at consume (/Users/mahavirgoyal/Desktop/adi_projects/qr_code_scanner_frontend/packet-scanner/node_modules/path-to-regexp/dist/index.js:152:29)
    at parse (/Users/mahavirgoyal/Desktop/adi_projects/qr_code_scanner_frontend/packet-scanner/node_modules/path-to-regexp/dist/index.js:183:20)
    at /Users/mahavirgoyal/Desktop/adi_projects/qr_code_scanner_frontend/packet-scanner/node_modules/path-to-regexp/dist/index.js:294:74
    at Array.map (<anonymous>)
TypeError: Missing parameter name at 1: https://git.new/pathToRegexpError
    at name (/Users/mahavirgoyal/Desktop/adi_projects/qr_code_scanner_frontend/packet-scanner/node_modules/path-to-regexp/dist/index.js:73:19)
    at lexer (/Users/mahavirgoyal/Desktop/adi_projects/qr_code_scanner_frontend/packet-scanner/node_modules/path-to-regexp/dist/index.js:91:27)
    at lexer.next (<anonymous>)
    at Iter.peek (/Users/mahavirgoyal/Desktop/adi_projects/qr_code_scanner_frontend/packet-scanner/node_modules/path-to-regexp/dist/index.js:106:38)
    at Iter.tryConsume (/Users/mahavirgoyal/Desktop/adi_projects/qr_code_scanner_frontend/packet-scanner/node_modules/path-to-regexp/dist/index.js:112:28)
    at Iter.text (/Users/mahavirgoyal/Desktop/adi_projects/qr_code_scanner_frontend/packet-scanner/node_modules/path-to-regexp/dist/index.js:128:30)
    at consume (/Users/mahavirgoyal/Desktop/adi_projects/qr_code_scanner_frontend/packet-scanner/node_modules/path-to-regexp/dist/index.js:152:29)
    at parse (/Users/mahavirgoyal/Desktop/adi_projects/qr_code_scanner_frontend/packet-scanner/node_modules/path-to-regexp/dist/index.js:183:20)
    at /Users/mahavirgoyal/Desktop/adi_projects/qr_code_scanner_frontend/packet-scanner/node_modules/path-to-regexp/dist/index.js:294:74
    at Array.map (<anonymous>)
TypeError: Missing parameter name at 1: https://git.new/pathToRegexpError
    at name (/Users/mahavirgoyal/Desktop/adi_projects/qr_code_scanner_frontend/packet-scanner/node_modules/path-to-regexp/dist/index.js:73:19)
    at lexer (/Users/mahavirgoyal/Desktop/adi_projects/qr_code_scanner_frontend/packet-scanner/node_modules/path-to-regexp/dist/index.js:91:27)
    at lexer.next (<anonymous>)
    at Iter.peek (/Users/mahavirgoyal/Desktop/adi_projects/qr_code_scanner_frontend/packet-scanner/node_modules/path-to-regexp/dist/index.js:106:38)
    at Iter.tryConsume (/Users/mahavirgoyal/Desktop/adi_projects/qr_code_scanner_frontend/packet-scanner/node_modules/path-to-regexp/dist/index.js:112:28)
    at Iter.text (/Users/mahavirgoyal/Desktop/adi_projects/qr_code_scanner_frontend/packet-scanner/node_modules/path-to-regexp/dist/index.js:128:30)
    at consume (/Users/mahavirgoyal/Desktop/adi_projects/qr_code_scanner_frontend/packet-scanner/node_modules/path-to-regexp/dist/index.js:152:29)
    at parse (/Users/mahavirgoyal/Desktop/adi_projects/qr_code_scanner_frontend/packet-scanner/node_modules/path-to-regexp/dist/index.js:183:20)
    at /Users/mahavirgoyal/Desktop/adi_projects/qr_code_scanner_frontend/packet-scanner/node_modules/path-to-regexp/dist/index.js:294:74
    at Array.map (<anonymous>)
TypeError: Missing parameter name at 1: https://git.new/pathToRegexpError
    at name (/Users/mahavirgoyal/Desktop/adi_projects/qr_code_scanner_frontend/packet-scanner/node_modules/path-to-regexp/dist/index.js:73:19)
    at lexer (/Users/mahavirgoyal/Desktop/adi_projects/qr_code_scanner_frontend/packet-scanner/node_modules/path-to-regexp/dist/index.js:91:27)
    at lexer.next (<anonymous>)
    at Iter.peek (/Users/mahavirgoyal/Desktop/adi_projects/qr_code_scanner_frontend/packet-scanner/node_modules/path-to-regexp/dist/index.js:106:38)
    at Iter.tryConsume (/Users/mahavirgoyal/Desktop/adi_projects/qr_code_scanner_frontend/packet-scanner/node_modules/path-to-regexp/dist/index.js:112:28)
    at Iter.text (/Users/mahavirgoyal/Desktop/adi_projects/qr_code_scanner_frontend/packet-scanner/node_modules/path-to-regexp/dist/index.js:128:30)
    at consume (/Users/mahavirgoyal/Desktop/adi_projects/qr_code_scanner_frontend/packet-scanner/node_modules/path-to-regexp/dist/index.js:152:29)
    at parse (/Users/mahavirgoyal/Desktop/adi_projects/qr_code_scanner_frontend/packet-scanner/node_modules/path-to-regexp/dist/index.js:183:20)
    at /Users/mahavirgoyal/Desktop/adi_projects/qr_code_scanner_frontend/packet-scanner/node_modules/path-to-regexp/dist/index.js:294:74
    at Array.map (<anonymous>)
TypeError: Missing parameter name at 1: https://git.new/pathToRegexpError
    at name (/Users/mahavirgoyal/Desktop/adi_projects/qr_code_scanner_frontend/packet-scanner/node_modules/path-to-regexp/dist/index.js:73:19)
    at lexer (/Users/mahavirgoyal/Desktop/adi_projects/qr_code_scanner_frontend/packet-scanner/node_modules/path-to-regexp/dist/index.js:91:27)
    at lexer.next (<anonymous>)
    at Iter.peek (/Users/mahavirgoyal/Desktop/adi_projects/qr_code_scanner_frontend/packet-scanner/node_modules/path-to-regexp/dist/index.js:106:38)
    at Iter.tryConsume (/Users/mahavirgoyal/Desktop/adi_projects/qr_code_scanner_frontend/packet-scanner/node_modules/path-to-regexp/dist/index.js:112:28)
    at Iter.text (/Users/mahavirgoyal/Desktop/adi_projects/qr_code_scanner_frontend/packet-scanner/node_modules/path-to-regexp/dist/index.js:128:30)
    at consume (/Users/mahavirgoyal/Desktop/adi_projects/qr_code_scanner_frontend/packet-scanner/node_modules/path-to-regexp/dist/index.js:152:29)
    at parse (/Users/mahavirgoyal/Desktop/adi_projects/qr_code_scanner_frontend/packet-scanner/node_modules/path-to-regexp/dist/index.js:183:20)
    at /Users/mahavirgoyal/Desktop/adi_projects/qr_code_scanner_frontend/packet-scanner/node_modules/path-to-regexp/dist/index.js:294:74
    at Array.map (<anonymous>)
TypeError: Missing parameter name at 1: https://git.new/pathToRegexpError
    at name (/Users/mahavirgoyal/Desktop/adi_projects/qr_code_scanner_frontend/packet-scanner/node_modules/path-to-regexp/dist/index.js:73:19)
    at lexer (/Users/mahavirgoyal/Desktop/adi_projects/qr_code_scanner_frontend/packet-scanner/node_modules/path-to-regexp/dist/index.js:91:27)
    at lexer.next (<anonymous>)
    at Iter.peek (/Users/mahavirgoyal/Desktop/adi_projects/qr_code_scanner_frontend/packet-scanner/node_modules/path-to-regexp/dist/index.js:106:38)
    at Iter.tryConsume (/Users/mahavirgoyal/Desktop/adi_projects/qr_code_scanner_frontend/packet-scanner/node_modules/path-to-regexp/dist/index.js:112:28)
    at Iter.text (/Users/mahavirgoyal/Desktop/adi_projects/qr_code_scanner_frontend/packet-scanner/node_modules/path-to-regexp/dist/index.js:128:30)
    at consume (/Users/mahavirgoyal/Desktop/adi_projects/qr_code_scanner_frontend/packet-scanner/node_modules/path-to-regexp/dist/index.js:152:29)
    at parse (/Users/mahavirgoyal/Desktop/adi_projects/qr_code_scanner_frontend/packet-scanner/node_modules/path-to-regexp/dist/index.js:183:20)
    at /Users/mahavirgoyal/Desktop/adi_projects/qr_code_scanner_frontend/packet-scanner/node_modules/path-to-regexp/dist/index.js:294:74
    at Array.map (<anonymous>)
2025-07-27T22:58:25: 🚀 HTTPS Server running on port 3443
2025-07-27T22:58:25: 🌐 Access your app at: https://localhost:3443
2025-07-27T22:58:25: 🔀 HTTP Redirect server running on port 3000 (redirects to HTTPS)
